0 info it worked if it ends with ok
1 verbose cli [ 'E:\\node.js\\\\node.exe',
1 verbose cli   'E:\\node.js\\node_modules\\npm\\bin\\npm-cli.js',
1 verbose cli   'start' ]
2 info using npm@3.8.0
3 info using node@v0.10.26
4 verbose run-script [ 'prestart', 'start', 'poststart' ]
5 info lifecycle nodejs-R@0.0.0~prestart: nodejs-R@0.0.0
6 silly lifecycle nodejs-R@0.0.0~prestart: no script for prestart, continuing
7 info lifecycle nodejs-R@0.0.0~start: nodejs-R@0.0.0
8 verbose lifecycle nodejs-R@0.0.0~start: unsafe-perm in lifecycle true
9 verbose lifecycle nodejs-R@0.0.0~start: PATH: E:\node.js\node_modules\npm\bin\node-gyp-bin;G:\研究生\学习\nodejs\nodejs-R\node_modules\.bin;E:\node.js;C:\Program Files (x86)\NVIDIA Corporation\PhysX\Common;C:\Program Files (x86)\Intel\iCLS Client\;C:\Program Files\Intel\iCLS Client\;C:\WINDOWS\system32;C:\WINDOWS;C:\WINDOWS\System32\Wbem;C:\WINDOWS\System32\WindowsPowerShell\v1.0\;C:\Program Files\Intel\Intel(R) Management Engine Components\DAL;C:\Program Files\Intel\Intel(R) Management Engine Components\IPT;C:\Program Files (x86)\Intel\Intel(R) Management Engine Components\DAL;C:\Program Files (x86)\Intel\Intel(R) Management Engine Components\IPT;C:\Program Files (x86)\Intel\OpenCL SDK\2.0\bin\x86;C:\Program Files (x86)\Intel\OpenCL SDK\2.0\bin\x64;C:\Program Files (x86)\Calibre2\;E:\node.js\;D:\Rtools\bin;D:\Rtools\gcc-4.6.3\bin;E:\R\R-3.2.3\include;E:\R\R-3.2.3\bin;E:\git\Git\cmd;E:\git\Git\bin;C:\Users\静\AppData\Roaming\npm
10 verbose lifecycle nodejs-R@0.0.0~start: CWD: G:\研究生\学习\nodejs\nodejs-R
11 silly lifecycle nodejs-R@0.0.0~start: Args: [ '/d /s /c', 'node ./bin/www' ]
12 silly lifecycle nodejs-R@0.0.0~start: Returned: code: 8  signal: null
13 info lifecycle nodejs-R@0.0.0~start: Failed to exec start script
14 verbose stack Error: nodejs-R@0.0.0 start: `node ./bin/www`
14 verbose stack Exit status 8
14 verbose stack     at EventEmitter.<anonymous> (E:\node.js\node_modules\npm\lib\utils\lifecycle.js:239:16)
14 verbose stack     at EventEmitter.emit (events.js:98:17)
14 verbose stack     at ChildProcess.<anonymous> (E:\node.js\node_modules\npm\lib\utils\spawn.js:24:14)
14 verbose stack     at ChildProcess.EventEmitter.emit (events.js:98:17)
14 verbose stack     at maybeClose (child_process.js:743:16)
14 verbose stack     at Process.ChildProcess._handle.onexit (child_process.js:810:5)
15 verbose pkgid nodejs-R@0.0.0
16 verbose cwd G:\研究生\学习\nodejs\nodejs-R
17 error Windows_NT 6.2.9200
18 error argv "E:\\node.js\\\\node.exe" "E:\\node.js\\node_modules\\npm\\bin\\npm-cli.js" "start"
19 error node v0.10.26
20 error npm  v3.8.0
21 error code ELIFECYCLE
22 error nodejs-R@0.0.0 start: `node ./bin/www`
22 error Exit status 8
23 error Failed at the nodejs-R@0.0.0 start script 'node ./bin/www'.
23 error Make sure you have the latest version of node.js and npm installed.
23 error If you do, this is most likely a problem with the nodejs-R package,
23 error not with npm itself.
23 error Tell the author that this fails on your system:
23 error     node ./bin/www
23 error You can get information on how to open an issue for this project with:
23 error     npm bugs nodejs-R
23 error Or if that isn't available, you can get their info via:
23 error     npm owner ls nodejs-R
23 error There is likely additional logging output above.
24 verbose exit [ 1, true ]
